android/app/build/intermediates/manifest_merge_blame_file/release/manifest-merger-blame-release-report.txt
1<?xml version="1.0" encoding="utf-8"?>
2<!-- BEGIN_INCLUDE(manifest) -->
3<manifest xmlns:android="http://schemas.android.com/apk/res/android"
4    package="com.classicube.android.client"
5    android:versionCode="1370"
6    android:versionName="1.3.7" >
7
8    <uses-sdk
8-->src/main/AndroidManifest.xml:11:3-70
9        android:minSdkVersion="13"
9-->src/main/AndroidManifest.xml:11:13-38
10        android:targetSdkVersion="26" />
10-->src/main/AndroidManifest.xml:11:39-68
11
12    <uses-permission android:name="android.permission.INTERNET" />
12-->src/main/AndroidManifest.xml:8:3-65
12-->src/main/AndroidManifest.xml:8:20-62
13    <uses-permission
13-->src/main/AndroidManifest.xml:9:3-105
14        android:name="android.permission.READ_EXTERNAL_STORAGE"
14-->src/main/AndroidManifest.xml:9:20-75
15        android:maxSdkVersion="18" />
15-->src/main/AndroidManifest.xml:9:76-102
16    <uses-permission
16-->src/main/AndroidManifest.xml:10:3-106
17        android:name="android.permission.WRITE_EXTERNAL_STORAGE"
17-->src/main/AndroidManifest.xml:10:20-76
18        android:maxSdkVersion="18" />
18-->src/main/AndroidManifest.xml:10:77-103
19
20    <application
20-->src/main/AndroidManifest.xml:13:3-29:17
21        android:icon="@mipmap/ccicon"
21-->src/main/AndroidManifest.xml:13:16-45
22        android:label="ClassiCube" >
22-->src/main/AndroidManifest.xml:13:46-72
23        <provider
23-->src/main/AndroidManifest.xml:14:5-19:16
24            android:name="com.classicube.CCFileProvider"
24-->src/main/AndroidManifest.xml:15:9-53
25            android:authorities="com.classicube.android.client.provider"
25-->src/main/AndroidManifest.xml:16:9-69
26            android:exported="false"
26-->src/main/AndroidManifest.xml:17:9-33
27            android:grantUriPermissions="true" >
27-->src/main/AndroidManifest.xml:18:9-43
28        </provider>
29
30        <activity
30-->src/main/AndroidManifest.xml:21:5-28:16
31            android:name="com.classicube.MainActivity"
31-->src/main/AndroidManifest.xml:21:15-57
32            android:configChanges="orientation|screenSize|keyboard|keyboardHidden"
32-->src/main/AndroidManifest.xml:22:15-85
33            android:label="ClassiCube" >
33-->src/main/AndroidManifest.xml:21:58-84
34            <intent-filter>
34-->src/main/AndroidManifest.xml:24:7-27:23
35                <action android:name="android.intent.action.MAIN" />
35-->src/main/AndroidManifest.xml:25:9-61
35-->src/main/AndroidManifest.xml:25:17-58
36
37                <category android:name="android.intent.category.LAUNCHER" />
37-->src/main/AndroidManifest.xml:26:9-69
37-->src/main/AndroidManifest.xml:26:19-66
38            </intent-filter>
39        </activity>
40    </application>
41
42</manifest> <!-- END_INCLUDE(manifest) -->